<?xml version="1.0" encoding="UTF-8"?>
<!-- Generated by org.testng.reporters.JUnitReportReporter -->
<testsuite hostname="KRISH117" failures="0" tests="1" name="sanity.bateel.SanityBateelProduct" time="60.447" errors="0" timestamp="2024-09-23T14:52:56 IST" skipped="0">
  <testcase classname="sanity.bateel.SanityBateelProduct" name="testBateelclickproduct" time="60.447"/>
  <system-out/>
</testsuite> <!-- sanity.bateel.SanityBateelProduct -->
