<?xml version="1.0" encoding="UTF-8"?>
<!-- Generated by org.testng.reporters.JUnitReportReporter -->
<testsuite hostname="KRISH117" failures="0" tests="1" name="sanity.bateel.SanityBateelProduct" time="52.513" errors="0" timestamp="2024-10-04T18:54:02 IST" skipped="0">
  <testcase classname="sanity.bateel.SanityBateelProduct" name="testBateelclickproduct" time="52.513"/>
  <system-out/>
</testsuite> <!-- sanity.bateel.SanityBateelProduct -->
