<?xml version="1.0" encoding="UTF-8"?>
<!-- Generated by org.testng.reporters.JUnitReportReporter -->
<testsuite hostname="KRISH117" failures="0" tests="1" name="sanity.bateel.SanityBateelProductDetails" time="77.502" errors="0" timestamp="2024-09-17T11:10:25 IST" skipped="0">
  <testcase classname="sanity.bateel.SanityBateelProductDetails" name="testBateelproductfilldetails" time="77.502"/>
  <system-out/>
</testsuite> <!-- sanity.bateel.SanityBateelProductDetails -->
