<?xml version="1.0" encoding="UTF-8"?>
<!-- Generated by org.testng.reporters.JUnitReportReporter -->
<testsuite hostname="KRISH117" failures="0" tests="1" name="sanity.bateel.SanityBateelLoginAndNavigationTest" time="62.090" errors="0" timestamp="2024-08-31T16:11:59 IST" skipped="0">
  <testcase classname="sanity.bateel.SanityBateelLoginAndNavigationTest" name="testBateelShopCategoryNavigation" time="62.090"/>
  <system-out/>
</testsuite> <!-- sanity.bateel.SanityBateelLoginAndNavigationTest -->
