<?xml version="1.0" encoding="UTF-8"?>
<!-- Generated by org.testng.reporters.JUnitReportReporter -->
<testsuite hostname="KRISH117" failures="0" tests="1" name="sanity.bateel.SanityBateelProduct" time="37.346" errors="0" timestamp="2024-09-26T14:19:58 IST" skipped="0">
  <testcase classname="sanity.bateel.SanityBateelProduct" name="testBateelclickproduct" time="37.346"/>
  <system-out/>
</testsuite> <!-- sanity.bateel.SanityBateelProduct -->
