<?xml version="1.0" encoding="UTF-8"?>
<!-- Generated by org.testng.reporters.JUnitReportReporter -->
<testsuite hostname="KRISH117" failures="0" tests="1" name="sanity.bateel.SanityBateelProduct" time="43.879" errors="0" timestamp="2024-04-02T17:27:29 IST" skipped="0">
  <testcase classname="sanity.bateel.SanityBateelProduct" name="testBateelclickproduct" time="43.879"/>
</testsuite> <!-- sanity.bateel.SanityBateelProduct -->
