<?xml version="1.0" encoding="UTF-8"?>
<!-- Generated by org.testng.reporters.JUnitReportReporter -->
<testsuite hostname="KRISH117" failures="0" tests="1" name="sanity.bateel.SanityBateelGuestCheckout" time="88.257" errors="0" timestamp="2024-04-09T16:46:39 IST" skipped="0">
  <testcase classname="sanity.bateel.SanityBateelGuestCheckout" name="testguestcheckout" time="88.257"/>
  <system-out/>
</testsuite> <!-- sanity.bateel.SanityBateelGuestCheckout -->
