<?xml version="1.0" encoding="UTF-8"?>
<!-- Generated by org.testng.reporters.JUnitReportReporter -->
<testsuite hostname="KRISH117" failures="0" tests="1" name="sanity.bateel.SanityBateelGuestCheckout" time="238.767" errors="0" timestamp="2024-10-14T10:52:03 IST" skipped="0">
  <testcase classname="sanity.bateel.SanityBateelGuestCheckout" name="testguestcheckout" time="238.767"/>
  <system-out/>
</testsuite> <!-- sanity.bateel.SanityBateelGuestCheckout -->
