<?xml version="1.0" encoding="UTF-8"?>
<!-- Generated by org.testng.reporters.JUnitReportReporter -->
<testsuite hostname="KRISH117" failures="0" tests="1" name="sanity.bateel.SanityBateelGuestCheckout" time="184.218" errors="0" timestamp="2024-10-08T18:50:28 IST" skipped="0">
  <testcase classname="sanity.bateel.SanityBateelGuestCheckout" name="testguestcheckout" time="184.218"/>
  <system-out/>
</testsuite> <!-- sanity.bateel.SanityBateelGuestCheckout -->
