<?xml version="1.0" encoding="UTF-8"?>
<!-- Generated by org.testng.reporters.JUnitReportReporter -->
<testsuite hostname="KRISH117" failures="0" tests="1" name="sanity.bateel.SanityBateelProductDetails" time="161.468" errors="0" timestamp="2024-10-08T19:02:17 IST" skipped="0">
  <testcase classname="sanity.bateel.SanityBateelProductDetails" name="testBateelproductfilldetails" time="161.468"/>
  <system-out/>
</testsuite> <!-- sanity.bateel.SanityBateelProductDetails -->
