<?xml version="1.0" encoding="UTF-8"?>
<!-- Generated by org.testng.reporters.JUnitReportReporter -->
<testsuite hostname="KRISH117" failures="0" tests="1" name="sanity.bateel.SanityBateelLoginAndNavigationTest" time="30.296" errors="0" timestamp="2024-04-02T17:27:29 IST" skipped="0">
  <testcase classname="sanity.bateel.SanityBateelLoginAndNavigationTest" name="testBateelShopCategoryNavigation" time="30.296"/>
</testsuite> <!-- sanity.bateel.SanityBateelLoginAndNavigationTest -->
