<?xml version="1.0" encoding="UTF-8"?>
<!-- Generated by org.testng.reporters.JUnitReportReporter -->
<testsuite hostname="KRISH117" failures="0" tests="1" name="sanity.bateel.SanityBateelLoginAndNavigationTest" time="33.534" errors="0" timestamp="2024-04-09T22:57:20 IST" skipped="0">
  <testcase classname="sanity.bateel.SanityBateelLoginAndNavigationTest" name="testBateelShopCategoryNavigation" time="33.534"/>
  <system-out/>
</testsuite> <!-- sanity.bateel.SanityBateelLoginAndNavigationTest -->
