<?xml version="1.0" encoding="UTF-8"?>
<!-- Generated by org.testng.reporters.JUnitReportReporter -->
<testsuite hostname="KRISH117" failures="0" tests="1" name="sanity.bateel.SanityBateelGuestCheckout" time="180.015" errors="0" timestamp="2024-09-26T14:19:58 IST" skipped="0">
  <testcase classname="sanity.bateel.SanityBateelGuestCheckout" name="testguestcheckout" time="180.015"/>
  <system-out/>
</testsuite> <!-- sanity.bateel.SanityBateelGuestCheckout -->
